Iteração 1:
Custo Mínimo: 1260
Tempo de Execução: 0.0004286766052246094 segundos
------------------------------
Iteração 2:
Custo Mínimo: 1260
Tempo de Execução: 0.00030732154846191406 segundos
------------------------------
Iteração 3:
Custo Mínimo: 1260
Tempo de Execução: 0.00028514862060546875 segundos
------------------------------
Iteração 4:
Custo Mínimo: 1260
Tempo de Execução: 0.0003085136413574219 segundos
------------------------------
Iteração 5:
Custo Mínimo: 1260
Tempo de Execução: 0.00028324127197265625 segundos
------------------------------
Iteração 6:
Custo Mínimo: 1260
Tempo de Execução: 0.0002734661102294922 segundos
------------------------------
Iteração 7:
Custo Mínimo: 1260
Tempo de Execução: 0.0002856254577636719 segundos
------------------------------
Iteração 8:
Custo Mínimo: 1260
Tempo de Execução: 0.00026679039001464844 segundos
------------------------------
Iteração 9:
Custo Mínimo: 1260
Tempo de Execução: 0.0002467632293701172 segundos
------------------------------
Iteração 10:
Custo Mínimo: 1260
Tempo de Execução: 0.00026702880859375 segundos
------------------------------

Tempo de Execução Médio em todas as iterações: 0.000295257568359375 segundos
