Iteração 1:
Custo Mínimo: 299
Tempo de Execução: 0.0003566741943359375 segundos
------------------------------
Iteração 2:
Custo Mínimo: 299
Tempo de Execução: 0.0002300739288330078 segundos
------------------------------
Iteração 3:
Custo Mínimo: 299
Tempo de Execução: 0.00019407272338867188 segundos
------------------------------
Iteração 4:
Custo Mínimo: 299
Tempo de Execução: 0.00018286705017089844 segundos
------------------------------
Iteração 5:
Custo Mínimo: 299
Tempo de Execução: 0.0001838207244873047 segundos
------------------------------
Iteração 6:
Custo Mínimo: 299
Tempo de Execução: 0.0001842975616455078 segundos
------------------------------
Iteração 7:
Custo Mínimo: 299
Tempo de Execução: 0.0001857280731201172 segundos
------------------------------
Iteração 8:
Custo Mínimo: 299
Tempo de Execução: 0.00018095970153808594 segundos
------------------------------
Iteração 9:
Custo Mínimo: 299
Tempo de Execução: 0.00018215179443359375 segundos
------------------------------
Iteração 10:
Custo Mínimo: 299
Tempo de Execução: 0.00016641616821289062 segundos
------------------------------

Tempo de Execução Médio em todas as iterações: 0.00020470619201660157 segundos
