Iteração 1:
Custo Mínimo: 10587
Tempo de Execução: 0.0017132759094238281 segundos
------------------------------
Iteração 2:
Custo Mínimo: 10587
Tempo de Execução: 0.0015735626220703125 segundos
------------------------------
Iteração 3:
Custo Mínimo: 10587
Tempo de Execução: 0.0014612674713134766 segundos
------------------------------
Iteração 4:
Custo Mínimo: 10587
Tempo de Execução: 0.0014536380767822266 segundos
------------------------------
Iteração 5:
Custo Mínimo: 10587
Tempo de Execução: 0.0014333724975585938 segundos
------------------------------
Iteração 6:
Custo Mínimo: 10587
Tempo de Execução: 0.0014426708221435547 segundos
------------------------------
Iteração 7:
Custo Mínimo: 10587
Tempo de Execução: 0.0014336109161376953 segundos
------------------------------
Iteração 8:
Custo Mínimo: 10587
Tempo de Execução: 0.0016808509826660156 segundos
------------------------------
Iteração 9:
Custo Mínimo: 10587
Tempo de Execução: 0.0014522075653076172 segundos
------------------------------
Iteração 10:
Custo Mínimo: 10587
Tempo de Execução: 0.0014560222625732422 segundos
------------------------------

Tempo de Execução Médio em todas as iterações: 0.0015100479125976563 segundos
