Iteração 1:
Custo Mínimo: 36399
Tempo de Execução: 0.0008783340454101562 segundos
------------------------------
Iteração 2:
Custo Mínimo: 36399
Tempo de Execução: 0.0011379718780517578 segundos
------------------------------
Iteração 3:
Custo Mínimo: 36399
Tempo de Execução: 0.0009109973907470703 segundos
------------------------------
Iteração 4:
Custo Mínimo: 36399
Tempo de Execução: 0.0008258819580078125 segundos
------------------------------
Iteração 5:
Custo Mínimo: 36399
Tempo de Execução: 0.0008225440979003906 segundos
------------------------------
Iteração 6:
Custo Mínimo: 36399
Tempo de Execução: 0.0008459091186523438 segundos
------------------------------
Iteração 7:
Custo Mínimo: 36399
Tempo de Execução: 0.0008935928344726562 segundos
------------------------------
Iteração 8:
Custo Mínimo: 36399
Tempo de Execução: 0.0008194446563720703 segundos
------------------------------
Iteração 9:
Custo Mínimo: 36399
Tempo de Execução: 0.0008141994476318359 segundos
------------------------------
Iteração 10:
Custo Mínimo: 36399
Tempo de Execução: 0.0008134841918945312 segundos
------------------------------

Tempo de Execução Médio em todas as iterações: 0.0008762359619140625 segundos
