Iteração 1:
Custo Mínimo: 1272
Tempo de Execução: 0.00026226043701171875 segundos
------------------------------
Iteração 2:
Custo Mínimo: 1272
Tempo de Execução: 0.00024962425231933594 segundos
------------------------------
Iteração 3:
Custo Mínimo: 1272
Tempo de Execução: 0.00019693374633789062 segundos
------------------------------
Iteração 4:
Custo Mínimo: 1272
Tempo de Execução: 0.00018858909606933594 segundos
------------------------------
Iteração 5:
Custo Mínimo: 1272
Tempo de Execução: 0.00018453598022460938 segundos
------------------------------
Iteração 6:
Custo Mínimo: 1272
Tempo de Execução: 0.0001723766326904297 segundos
------------------------------
Iteração 7:
Custo Mínimo: 1272
Tempo de Execução: 0.00016736984252929688 segundos
------------------------------
Iteração 8:
Custo Mínimo: 1272
Tempo de Execução: 0.0001697540283203125 segundos
------------------------------
Iteração 9:
Custo Mínimo: 1272
Tempo de Execução: 0.00016832351684570312 segundos
------------------------------
Iteração 10:
Custo Mínimo: 1272
Tempo de Execução: 0.00016951560974121094 segundos
------------------------------

Tempo de Execução Médio em todas as iterações: 0.00019292831420898439 segundos
