Iteration 1:
Minimum Cost: 253
Execution Time: 10.378766059875488 seconds
------------------------------

Average Execution Time across all iterations: 10.378766059875488 seconds
Iteration 1:
Minimum Cost: 253
Execution Time: 10.365298986434937 seconds
------------------------------

Average Execution Time across all iterations: 10.365298986434937 seconds
Iteration 1:
Minimum Cost: 253
Execution Time: 10.27821969985962 seconds
------------------------------

Average Execution Time across all iterations: 10.27821969985962 seconds
Iteration 1:
Minimum Cost: 253
Execution Time: 10.56681776046753 seconds
------------------------------
Iteration 2:
Minimum Cost: 253
Execution Time: 10.17275333404541 seconds
------------------------------
Iteration 3:
Minimum Cost: 253
Execution Time: 10.192218542098999 seconds
------------------------------
Iteration 4:
Minimum Cost: 253
Execution Time: 10.220459699630737 seconds
------------------------------
Iteration 5:
Minimum Cost: 253
Execution Time: 10.257296085357666 seconds
------------------------------
Iteration 6:
Minimum Cost: 253
Execution Time: 10.254260778427124 seconds
------------------------------
Iteration 7:
Minimum Cost: 253
Execution Time: 10.236523866653442 seconds
------------------------------
Iteration 8:
Minimum Cost: 253
Execution Time: 10.230149984359741 seconds
------------------------------
Iteration 9:
Minimum Cost: 253
Execution Time: 10.288169622421265 seconds
------------------------------
Iteration 10:
Minimum Cost: 253
Execution Time: 10.464357852935791 seconds
------------------------------

Average Execution Time across all iterations: 10.28830075263977 seconds
