Iteration 1:
Minimum Cost: 1272
Execution Time: 0.00032138824462890625 seconds
------------------------------
Iteration 2:
Minimum Cost: 1272
Execution Time: 0.00028061866760253906 seconds
------------------------------
Iteration 3:
Minimum Cost: 1272
Execution Time: 0.00024318695068359375 seconds
------------------------------
Iteration 4:
Minimum Cost: 1272
Execution Time: 0.00023412704467773438 seconds
------------------------------
Iteration 5:
Minimum Cost: 1272
Execution Time: 0.00022530555725097656 seconds
------------------------------
Iteration 6:
Minimum Cost: 1272
Execution Time: 0.0002186298370361328 seconds
------------------------------
Iteration 7:
Minimum Cost: 1272
Execution Time: 0.0002181529998779297 seconds
------------------------------
Iteration 8:
Minimum Cost: 1272
Execution Time: 0.00022602081298828125 seconds
------------------------------
Iteration 9:
Minimum Cost: 1272
Execution Time: 0.0002205371856689453 seconds
------------------------------
Iteration 10:
Minimum Cost: 1272
Execution Time: 0.0002162456512451172 seconds
------------------------------

Average Execution Time across all iterations: 0.00024042129516601562 seconds
