Iteração 1:
Custo Mínimo: 253
Tempo de Execução: 47.29098033905029 segundos
------------------------------

Tempo de Execução Médio em todas as iterações: 47.29098033905029 segundos
Iteração 1:
Custo Mínimo: 253
Tempo de Execução: 10.259768724441528 segundos
------------------------------

Tempo de Execução Médio em todas as iterações: 10.259768724441528 segundos
Iteração 1:
Custo Mínimo: 253
Tempo de Execução: 15.065269470214844 segundos
------------------------------

Tempo de Execução Médio em todas as iterações: 15.065269470214844 segundos
Iteração 1:
Custo Mínimo: 253
Tempo de Execução: 11.86428713798523 segundos
------------------------------

Tempo de Execução Médio em todas as iterações: 11.86428713798523 segundos
Iteração 1:
Custo Mínimo: 253
Tempo de Execução: 11.849988460540771 segundos
------------------------------

Tempo de Execução Médio em todas as iterações: 11.849988460540771 segundos
Iteração 1:
Custo Mínimo: 253
Tempo de Execução: 11.775522232055664 segundos
------------------------------

Tempo de Execução Médio em todas as iterações: 11.775522232055664 segundos
