Iteração 1:
Custo Mínimo: 1248
Tempo de Execução: 0.0007550716400146484 segundos
------------------------------
Iteração 2:
Custo Mínimo: 1248
Tempo de Execução: 0.0008535385131835938 segundos
------------------------------
Iteração 3:
Custo Mínimo: 1248
Tempo de Execução: 0.0007164478302001953 segundos
------------------------------
Iteração 4:
Custo Mínimo: 1248
Tempo de Execução: 0.0006887912750244141 segundos
------------------------------
Iteração 5:
Custo Mínimo: 1248
Tempo de Execução: 0.0006787776947021484 segundos
------------------------------
Iteração 6:
Custo Mínimo: 1248
Tempo de Execução: 0.0006868839263916016 segundos
------------------------------
Iteração 7:
Custo Mínimo: 1248
Tempo de Execução: 0.0006952285766601562 segundos
------------------------------
Iteração 8:
Custo Mínimo: 1248
Tempo de Execução: 0.0006744861602783203 segundos
------------------------------
Iteração 9:
Custo Mínimo: 1248
Tempo de Execução: 0.0006763935089111328 segundos
------------------------------
Iteração 10:
Custo Mínimo: 1248
Tempo de Execução: 0.000675201416015625 segundos
------------------------------

Tempo de Execução Médio em todas as iterações: 0.0007100820541381836 segundos
